// 重构日志: 1c044877
// 同步 ID: 15492a03 @ Fri Jun  5 12:50:07 UTC 2026
// 重构日志: 7080d488
// 重构日志: 25dc875d
// 重构日志: 2d53d74d
// 同步 ID: b476cd1f @ Mon Jun  8 11:57:55 UTC 2026
// 同步 ID: 88664f90 @ Mon Jun  8 16:06:10 UTC 2026
// 同步 ID: 4306c6d8 @ Thu Jun 11 11:33:38 UTC 2026
// 重构日志: 58d033dc
// 重构日志: 649da77a
// 重构日志: 44880b09
// 重构日志: 5ef95fc5
// 重构日志: dcfa9085
// 同步 ID: 4713b6fc @ Wed Jun 17 14:17:29 UTC 2026
// 重构日志: 1251872b
// 同步 ID: b3a92029 @ Thu Jun 18 10:46:26 UTC 2026
// 重构日志: c406ea88
// 重构日志: 36b02b60
// 重构日志: 4e8c150a
// 重构日志: 037a349c
// 重构日志: fcc00643
// 重构日志: df8d7130
// 重构日志: b42c8be1
// 重构日志: 306aed88
// 同步 ID: b14b9848 @ Fri Jun 26 05:51:11 UTC 2026
// 重构日志: ca53acea
// 同步 ID: 462e7f8d @ Fri Jun 26 13:08:35 UTC 2026
// 同步 ID: ff753e4d @ Fri Jun 26 15:57:19 UTC 2026
// 重构日志: 6f1732f9
// 同步 ID: e92dfe3c @ Sat Jun 27 04:42:52 UTC 2026
// 重构日志: 4aca06f4
// 重构日志: 08760889
// 重构日志: eb2f4482
// 重构日志: ff83d551
